[0.032s] Invoking command in '/home/ngvedu/auto/build/auto': CMAKE_PREFIX_PATH=${CMAKE_PREFIX_PATH}:/opt/ros/foxy /usr/bin/cmake --build /home/ngvedu/auto/build/auto -- -j2 -l2
[0.152s] [35m[1mScanning dependencies of target compute[0m
[0.232s] [ 16%] [32mBuilding CXX object CMakeFiles/compute.dir/src/compute_node.cpp.o[0m
[0.239s] [ 66%] Built target sense
[7.143s] [ 83%] [32m[1mLinking CXX executable compute[0m
[7.573s] [100%] Built target compute
[7.594s] Invoked command in '/home/ngvedu/auto/build/auto' returned '0': CMAKE_PREFIX_PATH=${CMAKE_PREFIX_PATH}:/opt/ros/foxy /usr/bin/cmake --build /home/ngvedu/auto/build/auto -- -j2 -l2
[7.683s] Invoking command in '/home/ngvedu/auto/build/auto': CMAKE_PREFIX_PATH=${CMAKE_PREFIX_PATH}:/opt/ros/foxy /usr/bin/cmake --install /home/ngvedu/auto/build/auto
[7.703s] -- Install configuration: ""
[7.704s] -- Up-to-date: /home/ngvedu/auto/install/auto/lib/auto/sense
[7.704s] -- Installing: /home/ngvedu/auto/install/auto/lib/auto/compute
[7.706s] -- Up-to-date: /home/ngvedu/auto/install/auto/share/ament_index/resource_index/package_run_dependencies/auto
[7.707s] -- Installing: /home/ngvedu/auto/install/auto/share/ament_index/resource_index/parent_prefix_path/auto
[7.707s] -- Up-to-date: /home/ngvedu/auto/install/auto/share/auto/environment/ament_prefix_path.sh
[7.707s] -- Installing: /home/ngvedu/auto/install/auto/share/auto/environment/ament_prefix_path.dsv
[7.708s] -- Up-to-date: /home/ngvedu/auto/install/auto/share/auto/environment/path.sh
[7.708s] -- Installing: /home/ngvedu/auto/install/auto/share/auto/environment/path.dsv
[7.708s] -- Up-to-date: /home/ngvedu/auto/install/auto/share/auto/local_setup.bash
[7.709s] -- Up-to-date: /home/ngvedu/auto/install/auto/share/auto/local_setup.sh
[7.714s] -- Up-to-date: /home/ngvedu/auto/install/auto/share/auto/local_setup.zsh
[7.715s] -- Installing: /home/ngvedu/auto/install/auto/share/auto/local_setup.dsv
[7.715s] -- Installing: /home/ngvedu/auto/install/auto/share/auto/package.dsv
[7.715s] -- Up-to-date: /home/ngvedu/auto/install/auto/share/ament_index/resource_index/packages/auto
[7.715s] -- Up-to-date: /home/ngvedu/auto/install/auto/share/auto/cmake/ament_cmake_export_include_directories-extras.cmake
[7.715s] -- Up-to-date: /home/ngvedu/auto/install/auto/share/auto/cmake/autoConfig.cmake
[7.715s] -- Up-to-date: /home/ngvedu/auto/install/auto/share/auto/cmake/autoConfig-version.cmake
[7.715s] -- Up-to-date: /home/ngvedu/auto/install/auto/share/auto/package.xml
[7.719s] Invoked command in '/home/ngvedu/auto/build/auto' returned '0': CMAKE_PREFIX_PATH=${CMAKE_PREFIX_PATH}:/opt/ros/foxy /usr/bin/cmake --install /home/ngvedu/auto/build/auto
