-- Found ament_cmake: 0.9.9 (/opt/ros/foxy/share/ament_cmake/cmake)
-- Using PYTHON_EXECUTABLE: /usr/bin/python3
-- Found ament_cmake_ros: 0.9.2 (/opt/ros/foxy/share/ament_cmake_ros/cmake)
-- Found rclcpp: 2.4.0 (/opt/ros/foxy/share/rclcpp/cmake)
-- Using all available rosidl_typesupport_c: rosidl_typesupport_fastrtps_c;rosidl_typesupport_introspection_c
-- Found rosidl_adapter: 1.2.1 (/opt/ros/foxy/share/rosidl_adapter/cmake)
-- Using all available rosidl_typesupport_cpp: rosidl_typesupport_fastrtps_cpp;rosidl_typesupport_introspection_cpp
-- Found rmw_implementation_cmake: 1.0.3 (/opt/ros/foxy/share/rmw_implementation_cmake/cmake)
-- Using RMW implementation 'rmw_fastrtps_cpp' as default
-- Found rclpy: 1.0.7 (/opt/ros/foxy/share/rclpy/cmake)
-- Configuring done
-- Generating done
-- Build files have been written to: /home/ngvedu/auto/build/auto
[ 33%] Built target actuate
[ 77%] Built target sense
[100%] Built target compute
-- Install configuration: ""
-- Installing: /home/ngvedu/auto/install/auto/share/auto//launch
-- Installing: /home/ngvedu/auto/install/auto/share/auto//launch/auto.launch.py
-- Up-to-date: /home/ngvedu/auto/install/auto/lib/auto/sense
-- Up-to-date: /home/ngvedu/auto/install/auto/lib/auto/compute
-- Up-to-date: /home/ngvedu/auto/install/auto/lib/auto/actuate
-- Installing: /home/ngvedu/auto/install/auto/share/ament_index/resource_index/package_run_dependencies/auto
-- Installing: /home/ngvedu/auto/install/auto/share/ament_index/resource_index/parent_prefix_path/auto
-- Up-to-date: /home/ngvedu/auto/install/auto/share/auto/environment/ament_prefix_path.sh
-- Installing: /home/ngvedu/auto/install/auto/share/auto/environment/ament_prefix_path.dsv
-- Up-to-date: /home/ngvedu/auto/install/auto/share/auto/environment/path.sh
-- Installing: /home/ngvedu/auto/install/auto/share/auto/environment/path.dsv
-- Up-to-date: /home/ngvedu/auto/install/auto/share/auto/local_setup.bash
-- Up-to-date: /home/ngvedu/auto/install/auto/share/auto/local_setup.sh
-- Up-to-date: /home/ngvedu/auto/install/auto/share/auto/local_setup.zsh
-- Installing: /home/ngvedu/auto/install/auto/share/auto/local_setup.dsv
-- Installing: /home/ngvedu/auto/install/auto/share/auto/package.dsv
-- Up-to-date: /home/ngvedu/auto/install/auto/share/ament_index/resource_index/packages/auto
-- Up-to-date: /home/ngvedu/auto/install/auto/share/auto/cmake/ament_cmake_export_include_directories-extras.cmake
-- Up-to-date: /home/ngvedu/auto/install/auto/share/auto/cmake/autoConfig.cmake
-- Up-to-date: /home/ngvedu/auto/install/auto/share/auto/cmake/autoConfig-version.cmake
-- Installing: /home/ngvedu/auto/install/auto/share/auto/package.xml
