-- The C compiler identification is GNU 9.3.0
-- The CXX compiler identification is GNU 9.3.0
-- Check for working C compiler: /usr/bin/cc
-- Check for working C compiler: /usr/bin/cc -- works
-- Detecting C compiler ABI info
-- Detecting C compiler ABI info - done
-- Detecting C compile features
-- Detecting C compile features - done
-- Check for working CXX compiler: /usr/bin/c++
-- Check for working CXX compiler: /usr/bin/c++ -- works
-- Detecting CXX compiler ABI info
-- Detecting CXX compiler ABI info - done
-- Detecting CXX compile features
-- Detecting CXX compile features - done
-- Found ament_cmake: 0.9.9 (/opt/ros/foxy/share/ament_cmake/cmake)
-- Found PythonInterp: /usr/bin/python3 (found suitable version "3.8.10", minimum required is "3") 
-- Using PYTHON_EXECUTABLE: /usr/bin/python3
-- Found ament_cmake_ros: 0.9.2 (/opt/ros/foxy/share/ament_cmake_ros/cmake)
-- Found rclcpp: 2.4.0 (/opt/ros/foxy/share/rclcpp/cmake)
-- Using all available rosidl_typesupport_c: rosidl_typesupport_fastrtps_c;rosidl_typesupport_introspection_c
-- Found rosidl_adapter: 1.2.1 (/opt/ros/foxy/share/rosidl_adapter/cmake)
-- Found OpenSSL: /usr/lib/x86_64-linux-gnu/libcrypto.so (found version "1.1.1f")  
-- Found FastRTPS: /opt/ros/foxy/include  
-- Using all available rosidl_typesupport_cpp: rosidl_typesupport_fastrtps_cpp;rosidl_typesupport_introspection_cpp
-- Found rmw_implementation_cmake: 1.0.3 (/opt/ros/foxy/share/rmw_implementation_cmake/cmake)
-- Using RMW implementation 'rmw_fastrtps_cpp' as default
-- Looking for pthread.h
-- Looking for pthread.h - found
-- Performing Test CMAKE_HAVE_LIBC_PTHREAD
-- Performing Test CMAKE_HAVE_LIBC_PTHREAD - Failed
-- Looking for pthread_create in pthreads
-- Looking for pthread_create in pthreads - not found
-- Looking for pthread_create in pthread
-- Looking for pthread_create in pthread - found
-- Found Threads: TRUE  
-- Configuring done
-- Generating done
-- Build files have been written to: /home/ngvedu/auto/build/auto
[35m[1mScanning dependencies of target sense[0m
[ 33%] [32mBuilding C object CMakeFiles/sense.dir/src/Sense.c.o[0m
[ 66%] [32mBuilding CXX object CMakeFiles/sense.dir/src/ert_main.cpp.o[0m
[100%] [32m[1mLinking CXX executable sense[0m
[100%] Built target sense
-- Install configuration: ""
-- Installing: /home/ngvedu/auto/install/auto/lib/auto/sense
-- Installing: /home/ngvedu/auto/install/auto/share/ament_index/resource_index/package_run_dependencies/auto
-- Installing: /home/ngvedu/auto/install/auto/share/ament_index/resource_index/parent_prefix_path/auto
-- Installing: /home/ngvedu/auto/install/auto/share/auto/environment/ament_prefix_path.sh
-- Installing: /home/ngvedu/auto/install/auto/share/auto/environment/ament_prefix_path.dsv
-- Installing: /home/ngvedu/auto/install/auto/share/auto/environment/path.sh
-- Installing: /home/ngvedu/auto/install/auto/share/auto/environment/path.dsv
-- Installing: /home/ngvedu/auto/install/auto/share/auto/local_setup.bash
-- Installing: /home/ngvedu/auto/install/auto/share/auto/local_setup.sh
-- Installing: /home/ngvedu/auto/install/auto/share/auto/local_setup.zsh
-- Installing: /home/ngvedu/auto/install/auto/share/auto/local_setup.dsv
-- Installing: /home/ngvedu/auto/install/auto/share/auto/package.dsv
-- Installing: /home/ngvedu/auto/install/auto/share/ament_index/resource_index/packages/auto
-- Installing: /home/ngvedu/auto/install/auto/share/auto/cmake/ament_cmake_export_include_directories-extras.cmake
-- Installing: /home/ngvedu/auto/install/auto/share/auto/cmake/autoConfig.cmake
-- Installing: /home/ngvedu/auto/install/auto/share/auto/cmake/autoConfig-version.cmake
-- Installing: /home/ngvedu/auto/install/auto/share/auto/package.xml
