[0.045s] Invoking command in '/home/ngvedu/auto/build/auto': CMAKE_PREFIX_PATH=/opt/ros/foxy /usr/bin/cmake /home/ngvedu/auto/src/auto -DCMAKE_INSTALL_PREFIX=/home/ngvedu/auto/install/auto
[0.710s] -- The C compiler identification is GNU 9.3.0
[1.240s] -- The CXX compiler identification is GNU 9.3.0
[1.378s] -- Check for working C compiler: /usr/bin/cc
[1.658s] -- Check for working C compiler: /usr/bin/cc -- works
[1.661s] -- Detecting C compiler ABI info
[1.875s] -- Detecting C compiler ABI info - done
[1.907s] -- Detecting C compile features
[1.911s] -- Detecting C compile features - done
[1.915s] -- Check for working CXX compiler: /usr/bin/c++
[2.159s] -- Check for working CXX compiler: /usr/bin/c++ -- works
[2.162s] -- Detecting CXX compiler ABI info
[2.376s] -- Detecting CXX compiler ABI info - done
[2.410s] -- Detecting CXX compile features
[2.411s] -- Detecting CXX compile features - done
[2.431s] -- Found ament_cmake: 0.9.9 (/opt/ros/foxy/share/ament_cmake/cmake)
[2.476s] -- Found PythonInterp: /usr/bin/python3 (found suitable version "3.8.10", minimum required is "3") 
[2.477s] -- Using PYTHON_EXECUTABLE: /usr/bin/python3
[2.767s] -- Found ament_cmake_ros: 0.9.2 (/opt/ros/foxy/share/ament_cmake_ros/cmake)
[2.783s] -- Found rclcpp: 2.4.0 (/opt/ros/foxy/share/rclcpp/cmake)
[3.002s] -- Using all available rosidl_typesupport_c: rosidl_typesupport_fastrtps_c;rosidl_typesupport_introspection_c
[3.027s] -- Found rosidl_adapter: 1.2.1 (/opt/ros/foxy/share/rosidl_adapter/cmake)
[4.197s] -- Found OpenSSL: /usr/lib/x86_64-linux-gnu/libcrypto.so (found version "1.1.1f")  
[5.349s] -- Found FastRTPS: /opt/ros/foxy/include  
[7.504s] -- Using all available rosidl_typesupport_cpp: rosidl_typesupport_fastrtps_cpp;rosidl_typesupport_introspection_cpp
[7.607s] -- Found rmw_implementation_cmake: 1.0.3 (/opt/ros/foxy/share/rmw_implementation_cmake/cmake)
[7.612s] -- Using RMW implementation 'rmw_fastrtps_cpp' as default
[7.616s] -- Looking for pthread.h
[7.894s] -- Looking for pthread.h - found
[7.894s] -- Performing Test CMAKE_HAVE_LIBC_PTHREAD
[8.129s] -- Performing Test CMAKE_HAVE_LIBC_PTHREAD - Failed
[8.129s] -- Looking for pthread_create in pthreads
[8.339s] -- Looking for pthread_create in pthreads - not found
[8.339s] -- Looking for pthread_create in pthread
[8.538s] -- Looking for pthread_create in pthread - found
[8.540s] -- Found Threads: TRUE  
[8.903s] -- Configuring done
[8.935s] -- Generating done
[8.939s] -- Build files have been written to: /home/ngvedu/auto/build/auto
[8.972s] Invoked command in '/home/ngvedu/auto/build/auto' returned '0': CMAKE_PREFIX_PATH=/opt/ros/foxy /usr/bin/cmake /home/ngvedu/auto/src/auto -DCMAKE_INSTALL_PREFIX=/home/ngvedu/auto/install/auto
[8.973s] Invoking command in '/home/ngvedu/auto/build/auto': CMAKE_PREFIX_PATH=/opt/ros/foxy /usr/bin/cmake --build /home/ngvedu/auto/build/auto -- -j2 -l2
[9.045s] [35m[1mScanning dependencies of target sense[0m
[9.347s] [ 33%] [32mBuilding C object CMakeFiles/sense.dir/src/Sense.c.o[0m
[9.349s] [ 66%] [32mBuilding CXX object CMakeFiles/sense.dir/src/ert_main.cpp.o[0m
[18.664s] [100%] [32m[1mLinking CXX executable sense[0m
[19.095s] [100%] Built target sense
[19.123s] Invoked command in '/home/ngvedu/auto/build/auto' returned '0': CMAKE_PREFIX_PATH=/opt/ros/foxy /usr/bin/cmake --build /home/ngvedu/auto/build/auto -- -j2 -l2
[19.198s] Invoking command in '/home/ngvedu/auto/build/auto': CMAKE_PREFIX_PATH=/opt/ros/foxy /usr/bin/cmake --install /home/ngvedu/auto/build/auto
[19.221s] -- Install configuration: ""
[19.224s] -- Installing: /home/ngvedu/auto/install/auto/lib/auto/sense
[19.227s] -- Installing: /home/ngvedu/auto/install/auto/share/ament_index/resource_index/package_run_dependencies/auto
[19.228s] -- Installing: /home/ngvedu/auto/install/auto/share/ament_index/resource_index/parent_prefix_path/auto
[19.230s] -- Installing: /home/ngvedu/auto/install/auto/share/auto/environment/ament_prefix_path.sh
[19.231s] -- Installing: /home/ngvedu/auto/install/auto/share/auto/environment/ament_prefix_path.dsv
[19.233s] -- Installing: /home/ngvedu/auto/install/auto/share/auto/environment/path.sh
[19.233s] -- Installing: /home/ngvedu/auto/install/auto/share/auto/environment/path.dsv
[19.234s] -- Installing: /home/ngvedu/auto/install/auto/share/auto/local_setup.bash
[19.235s] -- Installing: /home/ngvedu/auto/install/auto/share/auto/local_setup.sh
[19.236s] -- Installing: /home/ngvedu/auto/install/auto/share/auto/local_setup.zsh
[19.238s] -- Installing: /home/ngvedu/auto/install/auto/share/auto/local_setup.dsv
[19.238s] -- Installing: /home/ngvedu/auto/install/auto/share/auto/package.dsv
[19.239s] -- Installing: /home/ngvedu/auto/install/auto/share/ament_index/resource_index/packages/auto
[19.240s] -- Installing: /home/ngvedu/auto/install/auto/share/auto/cmake/ament_cmake_export_include_directories-extras.cmake
[19.241s] -- Installing: /home/ngvedu/auto/install/auto/share/auto/cmake/autoConfig.cmake
[19.242s] -- Installing: /home/ngvedu/auto/install/auto/share/auto/cmake/autoConfig-version.cmake
[19.242s] -- Installing: /home/ngvedu/auto/install/auto/share/auto/package.xml
[19.248s] Invoked command in '/home/ngvedu/auto/build/auto' returned '0': CMAKE_PREFIX_PATH=/opt/ros/foxy /usr/bin/cmake --install /home/ngvedu/auto/build/auto
