[0.025s] Invoking command in '/home/ngvedu/auto/build/auto': CMAKE_PREFIX_PATH=${CMAKE_PREFIX_PATH}:/opt/ros/foxy /usr/bin/cmake --build /home/ngvedu/auto/build/auto -- -j2 -l2
[0.133s] [35m[1mScanning dependencies of target compute[0m
[0.179s] [ 50%] Built target sense
[0.236s] [ 66%] [32mBuilding CXX object CMakeFiles/compute.dir/src/compute_node.cpp.o[0m
[7.534s] [ 83%] [32m[1mLinking CXX executable compute[0m
[8.020s] [100%] Built target compute
[8.041s] Invoked command in '/home/ngvedu/auto/build/auto' returned '0': CMAKE_PREFIX_PATH=${CMAKE_PREFIX_PATH}:/opt/ros/foxy /usr/bin/cmake --build /home/ngvedu/auto/build/auto -- -j2 -l2
[8.138s] Invoking command in '/home/ngvedu/auto/build/auto': CMAKE_PREFIX_PATH=${CMAKE_PREFIX_PATH}:/opt/ros/foxy /usr/bin/cmake --install /home/ngvedu/auto/build/auto
[8.152s] -- Install configuration: ""
[8.152s] -- Up-to-date: /home/ngvedu/auto/install/auto/lib/auto/sense
[8.153s] -- Installing: /home/ngvedu/auto/install/auto/lib/auto/compute
[8.160s] -- Up-to-date: /home/ngvedu/auto/install/auto/share/ament_index/resource_index/package_run_dependencies/auto
[8.160s] -- Up-to-date: /home/ngvedu/auto/install/auto/share/ament_index/resource_index/parent_prefix_path/auto
[8.160s] -- Up-to-date: /home/ngvedu/auto/install/auto/share/auto/environment/ament_prefix_path.sh
[8.161s] -- Up-to-date: /home/ngvedu/auto/install/auto/share/auto/environment/ament_prefix_path.dsv
[8.161s] -- Up-to-date: /home/ngvedu/auto/install/auto/share/auto/environment/path.sh
[8.162s] -- Up-to-date: /home/ngvedu/auto/install/auto/share/auto/environment/path.dsv
[8.162s] -- Up-to-date: /home/ngvedu/auto/install/auto/share/auto/local_setup.bash
[8.162s] -- Up-to-date: /home/ngvedu/auto/install/auto/share/auto/local_setup.sh
[8.163s] -- Up-to-date: /home/ngvedu/auto/install/auto/share/auto/local_setup.zsh
[8.163s] -- Up-to-date: /home/ngvedu/auto/install/auto/share/auto/local_setup.dsv
[8.163s] -- Installing: /home/ngvedu/auto/install/auto/share/auto/package.dsv
[8.164s] -- Up-to-date: /home/ngvedu/auto/install/auto/share/ament_index/resource_index/packages/auto
[8.164s] -- Up-to-date: /home/ngvedu/auto/install/auto/share/auto/cmake/ament_cmake_export_include_directories-extras.cmake
[8.165s] -- Up-to-date: /home/ngvedu/auto/install/auto/share/auto/cmake/autoConfig.cmake
[8.165s] -- Up-to-date: /home/ngvedu/auto/install/auto/share/auto/cmake/autoConfig-version.cmake
[8.165s] -- Up-to-date: /home/ngvedu/auto/install/auto/share/auto/package.xml
[8.173s] Invoked command in '/home/ngvedu/auto/build/auto' returned '0': CMAKE_PREFIX_PATH=${CMAKE_PREFIX_PATH}:/opt/ros/foxy /usr/bin/cmake --install /home/ngvedu/auto/build/auto
