[0.439s] DEBUG:colcon:Command line arguments: ['/usr/bin/colcon', 'build']
[0.439s] DEBUG:colcon:Parsed command line arguments: Namespace(ament_cmake_args=None, base_paths=['.'], build_base='build', catkin_cmake_args=None, catkin_skip_building_tests=False, cmake_args=None, cmake_clean_cache=False, cmake_clean_first=False, cmake_force_configure=False, cmake_target=None, cmake_target_skip_unavailable=False, continue_on_error=False, event_handlers=None, executor='parallel', ignore_user_meta=False, install_base='install', log_base=None, log_level=None, main=<bound method BuildVerb.main of <colcon_core.verb.build.BuildVerb object at 0x7ffbf7ff3fd0>>, merge_install=False, metas=['./colcon.meta'], packages_above=None, packages_above_and_dependencies=None, packages_above_depth=None, packages_end=None, packages_ignore=None, packages_ignore_regex=None, packages_select=None, packages_select_build_failed=False, packages_select_by_dep=None, packages_select_regex=None, packages_select_test_failures=False, packages_skip=None, packages_skip_build_finished=False, packages_skip_by_dep=None, packages_skip_regex=None, packages_skip_test_passed=False, packages_skip_up_to=None, packages_start=None, packages_up_to=None, packages_up_to_regex=None, parallel_workers=2, paths=None, symlink_install=False, test_result_base=None, verb_extension=<colcon_core.verb.build.BuildVerb object at 0x7ffbf7ff3fd0>, verb_name='build', verb_parser=<colcon_defaults.argument_parser.defaults.DefaultArgumentsDecorator object at 0x7ffbf8001400>)
[0.448s] Level 1:colcon.colcon_core.package_discovery:discover_packages(colcon_meta) check parameters
[0.448s] Level 1:colcon.colcon_core.package_discovery:discover_packages(recursive) check parameters
[0.448s] Level 1:colcon.colcon_core.package_discovery:discover_packages(ignore) check parameters
[0.448s] Level 1:colcon.colcon_core.package_discovery:discover_packages(path) check parameters
[0.449s] Level 1:colcon.colcon_core.package_discovery:discover_packages(colcon_meta) discover
[0.449s] Level 1:colcon.colcon_core.package_discovery:discover_packages(recursive) discover
[0.449s] INFO:colcon.colcon_core.package_discovery:Crawling recursively for packages in '/home/ngvedu/auto'
[0.449s] Level 1:colcon.colcon_core.package_identification:_identify(.) by extensions ['ignore', 'ignore_ament_install']
[0.449s] Level 1:colcon.colcon_core.package_identification:_identify(.) by extension 'ignore'
[0.449s] Level 1:colcon.colcon_core.package_identification:_identify(.) by extension 'ignore_ament_install'
[0.450s] Level 1:colcon.colcon_core.package_identification:_identify(.) by extensions ['colcon_pkg']
[0.450s] Level 1:colcon.colcon_core.package_identification:_identify(.) by extension 'colcon_pkg'
[0.450s] Level 1:colcon.colcon_core.package_identification:_identify(.) by extensions ['colcon_meta']
[0.450s] Level 1:colcon.colcon_core.package_identification:_identify(.) by extension 'colcon_meta'
[0.450s] Level 1:colcon.colcon_core.package_identification:_identify(.) by extensions ['ros']
[0.450s] Level 1:colcon.colcon_core.package_identification:_identify(.) by extension 'ros'
[0.466s] Level 1:colcon.colcon_core.package_identification:_identify(.) by extensions ['cmake', 'python']
[0.466s] Level 1:colcon.colcon_core.package_identification:_identify(.) by extension 'cmake'
[0.466s] Level 1:colcon.colcon_core.package_identification:_identify(.) by extension 'python'
[0.466s] Level 1:colcon.colcon_core.package_identification:_identify(.) by extensions ['python_setup_py']
[0.466s] Level 1:colcon.colcon_core.package_identification:_identify(.) by extension 'python_setup_py'
[0.467s] Level 1:colcon.colcon_core.package_identification:_identify(build) by extensions ['ignore', 'ignore_ament_install']
[0.467s] Level 1:colcon.colcon_core.package_identification:_identify(build) by extension 'ignore'
[0.467s] Level 1:colcon.colcon_core.package_identification:_identify(build) ignored
[0.467s] Level 1:colcon.colcon_core.package_identification:_identify(install) by extensions ['ignore', 'ignore_ament_install']
[0.468s] Level 1:colcon.colcon_core.package_identification:_identify(install) by extension 'ignore'
[0.468s] Level 1:colcon.colcon_core.package_identification:_identify(install) ignored
[0.468s] Level 1:colcon.colcon_core.package_identification:_identify(log) by extensions ['ignore', 'ignore_ament_install']
[0.468s] Level 1:colcon.colcon_core.package_identification:_identify(log) by extension 'ignore'
[0.468s] Level 1:colcon.colcon_core.package_identification:_identify(log) ignored
[0.468s] Level 1:colcon.colcon_core.package_identification:_identify(src) by extensions ['ignore', 'ignore_ament_install']
[0.469s] Level 1:colcon.colcon_core.package_identification:_identify(src) by extension 'ignore'
[0.469s] Level 1:colcon.colcon_core.package_identification:_identify(src) by extension 'ignore_ament_install'
[0.469s] Level 1:colcon.colcon_core.package_identification:_identify(src) by extensions ['colcon_pkg']
[0.469s] Level 1:colcon.colcon_core.package_identification:_identify(src) by extension 'colcon_pkg'
[0.469s] Level 1:colcon.colcon_core.package_identification:_identify(src) by extensions ['colcon_meta']
[0.469s] Level 1:colcon.colcon_core.package_identification:_identify(src) by extension 'colcon_meta'
[0.469s] Level 1:colcon.colcon_core.package_identification:_identify(src) by extensions ['ros']
[0.469s] Level 1:colcon.colcon_core.package_identification:_identify(src) by extension 'ros'
[0.469s] Level 1:colcon.colcon_core.package_identification:_identify(src) by extensions ['cmake', 'python']
[0.470s] Level 1:colcon.colcon_core.package_identification:_identify(src) by extension 'cmake'
[0.470s] Level 1:colcon.colcon_core.package_identification:_identify(src) by extension 'python'
[0.470s] Level 1:colcon.colcon_core.package_identification:_identify(src) by extensions ['python_setup_py']
[0.470s] Level 1:colcon.colcon_core.package_identification:_identify(src) by extension 'python_setup_py'
[0.470s] Level 1:colcon.colcon_core.package_identification:_identify(src/auto) by extensions ['ignore', 'ignore_ament_install']
[0.470s] Level 1:colcon.colcon_core.package_identification:_identify(src/auto) by extension 'ignore'
[0.470s] Level 1:colcon.colcon_core.package_identification:_identify(src/auto) by extension 'ignore_ament_install'
[0.471s] Level 1:colcon.colcon_core.package_identification:_identify(src/auto) by extensions ['colcon_pkg']
[0.471s] Level 1:colcon.colcon_core.package_identification:_identify(src/auto) by extension 'colcon_pkg'
[0.471s] Level 1:colcon.colcon_core.package_identification:_identify(src/auto) by extensions ['colcon_meta']
[0.471s] Level 1:colcon.colcon_core.package_identification:_identify(src/auto) by extension 'colcon_meta'
[0.471s] Level 1:colcon.colcon_core.package_identification:_identify(src/auto) by extensions ['ros']
[0.471s] Level 1:colcon.colcon_core.package_identification:_identify(src/auto) by extension 'ros'
[0.475s] DEBUG:colcon.colcon_core.package_identification:Package 'src/auto' with type 'ros.ament_cmake' and name 'auto'
[0.475s] Level 1:colcon.colcon_core.package_discovery:discover_packages(recursive) using defaults
[0.475s] Level 1:colcon.colcon_core.package_discovery:discover_packages(ignore) discover
[0.475s] Level 1:colcon.colcon_core.package_discovery:discover_packages(ignore) using defaults
[0.475s] Level 1:colcon.colcon_core.package_discovery:discover_packages(path) discover
[0.475s] Level 1:colcon.colcon_core.package_discovery:discover_packages(path) using defaults
[0.499s] Level 5:colcon.colcon_core.verb:set package 'auto' build argument 'cmake_args' from command line to 'None'
[0.501s] Level 5:colcon.colcon_core.verb:set package 'auto' build argument 'cmake_target' from command line to 'None'
[0.509s] Level 5:colcon.colcon_core.verb:set package 'auto' build argument 'cmake_target_skip_unavailable' from command line to 'False'
[0.510s] Level 5:colcon.colcon_core.verb:set package 'auto' build argument 'cmake_clean_cache' from command line to 'False'
[0.510s] Level 5:colcon.colcon_core.verb:set package 'auto' build argument 'cmake_clean_first' from command line to 'False'
[0.510s] Level 5:colcon.colcon_core.verb:set package 'auto' build argument 'cmake_force_configure' from command line to 'False'
[0.510s] Level 5:colcon.colcon_core.verb:set package 'auto' build argument 'ament_cmake_args' from command line to 'None'
[0.510s] Level 5:colcon.colcon_core.verb:set package 'auto' build argument 'catkin_cmake_args' from command line to 'None'
[0.510s] Level 5:colcon.colcon_core.verb:set package 'auto' build argument 'catkin_skip_building_tests' from command line to 'False'
[0.510s] DEBUG:colcon.colcon_core.verb:Building package 'auto' with the following arguments: {'ament_cmake_args': None, 'build_base': '/home/ngvedu/auto/build/auto', 'catkin_cmake_args': None, 'catkin_skip_building_tests': False, 'cmake_args': None, 'cmake_clean_cache': False, 'cmake_clean_first': False, 'cmake_force_configure': False, 'cmake_target': None, 'cmake_target_skip_unavailable': False, 'install_base': '/home/ngvedu/auto/install/auto', 'merge_install': False, 'path': '/home/ngvedu/auto/src/auto', 'symlink_install': False, 'test_result_base': None}
[0.511s] INFO:colcon.colcon_core.executor:Executing jobs using 'parallel' executor
[0.514s] DEBUG:colcon.colcon_parallel_executor.executor.parallel:run_until_complete
[0.515s] INFO:colcon.colcon_ros.task.ament_cmake.build:Building ROS package in '/home/ngvedu/auto/src/auto' with build type 'ament_cmake'
[0.515s] INFO:colcon.colcon_cmake.task.cmake.build:Building CMake package in '/home/ngvedu/auto/src/auto'
[0.524s] INFO:colcon.colcon_core.plugin_system:Skipping extension 'colcon_core.shell.bat': Not used on non-Windows systems
[0.524s] INFO:colcon.colcon_core.shell:Skip shell extension 'powershell' for command environment: Not usable outside of PowerShell
[0.524s] DEBUG:colcon.colcon_core.shell:Skip shell extension 'dsv' for command environment
[0.527s] DEBUG:colcon.colcon_core.shell:Ignoring prefix path '/opt/ros/foxy'
[0.555s] DEBUG:colcon.colcon_core.event_handler.log_command:Invoking command in '/home/ngvedu/auto/build/auto': CMAKE_PREFIX_PATH=/opt/ros/foxy /usr/bin/cmake --build /home/ngvedu/auto/build/auto -- -j2 -l2
[6.201s] DEBUG:colcon.colcon_core.event_handler.log_command:Invoked command in '/home/ngvedu/auto/build/auto' returned '2': CMAKE_PREFIX_PATH=/opt/ros/foxy /usr/bin/cmake --build /home/ngvedu/auto/build/auto -- -j2 -l2
[6.260s] Level 1:colcon.colcon_core.environment:create_environment_scripts_only(auto)
[6.264s] Level 1:colcon.colcon_core.environment:checking '/home/ngvedu/auto/install/auto' for CMake module files
[6.265s] Level 1:colcon.colcon_core.environment:checking '/home/ngvedu/auto/install/auto' for CMake config files
[6.266s] Level 1:colcon.colcon_core.shell:create_environment_hook('auto', 'cmake_prefix_path')
[6.267s] INFO:colcon.colcon_core.shell:Creating environment hook '/home/ngvedu/auto/install/auto/share/auto/hook/cmake_prefix_path.ps1'
[6.268s] INFO:colcon.colcon_core.shell:Creating environment descriptor '/home/ngvedu/auto/install/auto/share/auto/hook/cmake_prefix_path.dsv'
[6.269s] INFO:colcon.colcon_core.shell:Creating environment hook '/home/ngvedu/auto/install/auto/share/auto/hook/cmake_prefix_path.sh'
[6.271s] Level 1:colcon.colcon_core.environment:checking '/home/ngvedu/auto/install/auto/lib'
[6.271s] Level 1:colcon.colcon_core.environment:checking '/home/ngvedu/auto/install/auto/bin'
[6.272s] Level 1:colcon.colcon_core.environment:checking '/home/ngvedu/auto/install/auto/lib/pkgconfig/auto.pc'
[6.272s] Level 1:colcon.colcon_core.environment:checking '/home/ngvedu/auto/install/auto/lib/python3.8/site-packages'
[6.273s] INFO:colcon.colcon_core.shell:Creating package script '/home/ngvedu/auto/install/auto/share/auto/package.ps1'
[6.274s] INFO:colcon.colcon_core.shell:Creating package descriptor '/home/ngvedu/auto/install/auto/share/auto/package.dsv'
[6.275s] INFO:colcon.colcon_core.shell:Creating package script '/home/ngvedu/auto/install/auto/share/auto/package.sh'
[6.277s] INFO:colcon.colcon_core.shell:Creating package script '/home/ngvedu/auto/install/auto/share/auto/package.bash'
[6.278s] INFO:colcon.colcon_core.shell:Creating package script '/home/ngvedu/auto/install/auto/share/auto/package.zsh'
[6.279s] Level 1:colcon.colcon_core.environment:create_file_with_runtime_dependencies(/home/ngvedu/auto/install/auto/share/colcon-core/packages/auto)
[6.282s] DEBUG:colcon.colcon_parallel_executor.executor.parallel:closing loop
[6.282s] DEBUG:colcon.colcon_parallel_executor.executor.parallel:loop closed
[6.282s] DEBUG:colcon.colcon_parallel_executor.executor.parallel:run_until_complete finished with '2'
[6.282s] DEBUG:colcon.colcon_core.event_reactor:joining thread
[6.391s] INFO:colcon.colcon_core.plugin_system:Skipping extension 'colcon_notification.desktop_notification.notify_send': Could not find 'notify-send'
[6.391s] INFO:colcon.colcon_core.plugin_system:Skipping extension 'colcon_notification.desktop_notification.terminal_notifier': Not used on non-Darwin systems
[6.391s] INFO:colcon.colcon_core.plugin_system:Skipping extension 'colcon_notification.desktop_notification.win32': Not used on non-Windows systems
[6.391s] INFO:colcon.colcon_notification.desktop_notification:Sending desktop notification using 'notify2'
[6.419s] DEBUG:colcon.colcon_notification.desktop_notification.notify2:Failed to initialize notify2: org.freedesktop.DBus.Error.ServiceUnknown: The name org.freedesktop.Notifications was not provided by any .service files
[6.419s] DEBUG:colcon.colcon_core.event_reactor:joined thread
[6.421s] INFO:colcon.colcon_core.shell:Creating prefix script '/home/ngvedu/auto/install/local_setup.ps1'
[6.423s] INFO:colcon.colcon_core.shell:Creating prefix util module '/home/ngvedu/auto/install/_local_setup_util_ps1.py'
[6.427s] INFO:colcon.colcon_core.shell:Creating prefix chain script '/home/ngvedu/auto/install/setup.ps1'
[6.430s] INFO:colcon.colcon_core.shell:Creating prefix script '/home/ngvedu/auto/install/local_setup.sh'
[6.431s] INFO:colcon.colcon_core.shell:Creating prefix util module '/home/ngvedu/auto/install/_local_setup_util_sh.py'
[6.432s] INFO:colcon.colcon_core.shell:Creating prefix chain script '/home/ngvedu/auto/install/setup.sh'
[6.436s] INFO:colcon.colcon_core.shell:Creating prefix script '/home/ngvedu/auto/install/local_setup.bash'
[6.437s] INFO:colcon.colcon_core.shell:Creating prefix chain script '/home/ngvedu/auto/install/setup.bash'
[6.440s] INFO:colcon.colcon_core.shell:Creating prefix script '/home/ngvedu/auto/install/local_setup.zsh'
[6.441s] INFO:colcon.colcon_core.shell:Creating prefix chain script '/home/ngvedu/auto/install/setup.zsh'
