[0.036s] Invoking command in '/home/ngvedu/auto/build/auto': CMAKE_PREFIX_PATH=${CMAKE_PREFIX_PATH}:/opt/ros/foxy /usr/bin/cmake --build /home/ngvedu/auto/build/auto -- -j2 -l2
[0.128s] [35m[1mScanning dependencies of target sense[0m
[0.193s] [ 33%] [32mBuilding CXX object CMakeFiles/sense.dir/src/sense_node.cpp.o[0m
[4.724s] [ 66%] [32m[1mLinking CXX executable sense[0m
[5.037s] [100%] Built target sense
[5.061s] Invoked command in '/home/ngvedu/auto/build/auto' returned '0': CMAKE_PREFIX_PATH=${CMAKE_PREFIX_PATH}:/opt/ros/foxy /usr/bin/cmake --build /home/ngvedu/auto/build/auto -- -j2 -l2
[5.128s] Invoking command in '/home/ngvedu/auto/build/auto': CMAKE_PREFIX_PATH=${CMAKE_PREFIX_PATH}:/opt/ros/foxy /usr/bin/cmake --install /home/ngvedu/auto/build/auto
[5.146s] -- Install configuration: ""
[5.146s] -- Installing: /home/ngvedu/auto/install/auto/lib/auto/sense
[5.149s] -- Up-to-date: /home/ngvedu/auto/install/auto/share/ament_index/resource_index/package_run_dependencies/auto
[5.149s] -- Up-to-date: /home/ngvedu/auto/install/auto/share/ament_index/resource_index/parent_prefix_path/auto
[5.150s] -- Up-to-date: /home/ngvedu/auto/install/auto/share/auto/environment/ament_prefix_path.sh
[5.170s] -- Up-to-date: /home/ngvedu/auto/install/auto/share/auto/environment/ament_prefix_path.dsv
[5.170s] -- Up-to-date: /home/ngvedu/auto/install/auto/share/auto/environment/path.sh
[5.170s] -- Up-to-date: /home/ngvedu/auto/install/auto/share/auto/environment/path.dsv
[5.170s] -- Up-to-date: /home/ngvedu/auto/install/auto/share/auto/local_setup.bash
[5.171s] -- Up-to-date: /home/ngvedu/auto/install/auto/share/auto/local_setup.sh
[5.171s] -- Up-to-date: /home/ngvedu/auto/install/auto/share/auto/local_setup.zsh
[5.171s] -- Up-to-date: /home/ngvedu/auto/install/auto/share/auto/local_setup.dsv
[5.171s] -- Installing: /home/ngvedu/auto/install/auto/share/auto/package.dsv
[5.171s] -- Up-to-date: /home/ngvedu/auto/install/auto/share/ament_index/resource_index/packages/auto
[5.171s] -- Up-to-date: /home/ngvedu/auto/install/auto/share/auto/cmake/ament_cmake_export_include_directories-extras.cmake
[5.171s] -- Up-to-date: /home/ngvedu/auto/install/auto/share/auto/cmake/autoConfig.cmake
[5.172s] -- Up-to-date: /home/ngvedu/auto/install/auto/share/auto/cmake/autoConfig-version.cmake
[5.172s] -- Up-to-date: /home/ngvedu/auto/install/auto/share/auto/package.xml
[5.172s] Invoked command in '/home/ngvedu/auto/build/auto' returned '0': CMAKE_PREFIX_PATH=${CMAKE_PREFIX_PATH}:/opt/ros/foxy /usr/bin/cmake --install /home/ngvedu/auto/build/auto
