[ 50%] Built target sense
[100%] Built target compute
-- Install configuration: ""
-- Up-to-date: /home/ngvedu/auto/install/auto/lib/auto/sense
-- Up-to-date: /home/ngvedu/auto/install/auto/lib/auto/compute
-- Up-to-date: /home/ngvedu/auto/install/auto/share/ament_index/resource_index/package_run_dependencies/auto
-- Up-to-date: /home/ngvedu/auto/install/auto/share/ament_index/resource_index/parent_prefix_path/auto
-- Up-to-date: /home/ngvedu/auto/install/auto/share/auto/environment/ament_prefix_path.sh
-- Up-to-date: /home/ngvedu/auto/install/auto/share/auto/environment/ament_prefix_path.dsv
-- Up-to-date: /home/ngvedu/auto/install/auto/share/auto/environment/path.sh
-- Up-to-date: /home/ngvedu/auto/install/auto/share/auto/environment/path.dsv
-- Up-to-date: /home/ngvedu/auto/install/auto/share/auto/local_setup.bash
-- Up-to-date: /home/ngvedu/auto/install/auto/share/auto/local_setup.sh
-- Up-to-date: /home/ngvedu/auto/install/auto/share/auto/local_setup.zsh
-- Up-to-date: /home/ngvedu/auto/install/auto/share/auto/local_setup.dsv
-- Installing: /home/ngvedu/auto/install/auto/share/auto/package.dsv
-- Up-to-date: /home/ngvedu/auto/install/auto/share/ament_index/resource_index/packages/auto
-- Up-to-date: /home/ngvedu/auto/install/auto/share/auto/cmake/ament_cmake_export_include_directories-extras.cmake
-- Up-to-date: /home/ngvedu/auto/install/auto/share/auto/cmake/autoConfig.cmake
-- Up-to-date: /home/ngvedu/auto/install/auto/share/auto/cmake/autoConfig-version.cmake
-- Up-to-date: /home/ngvedu/auto/install/auto/share/auto/package.xml
