[0.069s] Invoking command in '/home/ngvedu/auto/build/auto': CMAKE_PREFIX_PATH=${CMAKE_PREFIX_PATH}:/opt/ros/foxy /usr/bin/cmake --build /home/ngvedu/auto/build/auto -- -j2 -l2
[0.167s] [35m[1mScanning dependencies of target sense[0m
[0.246s] [ 33%] [32mBuilding CXX object CMakeFiles/sense.dir/src/sense_node.cpp.o[0m
[2.188s] [01m[K/home/ngvedu/auto/src/auto/src/sense_node.cpp:25:12:[m[K [01;31m[Kerror: [m[KISO C++ forbids declaration of ‘[01m[KSinPub[m[K’ with no type [[01;31m[K-fpermissive[m[K]
[2.189s]    25 |     SinPub([01;31m[K)[m[K
[2.189s]       |            [01;31m[K^[m[K
[2.199s] [01m[K/home/ngvedu/auto/src/auto/src/sense_node.cpp:[m[K In member function ‘[01m[Kint sense::SinPub()[m[K’:
[2.199s] [01m[K/home/ngvedu/auto/src/auto/src/sense_node.cpp:26:7:[m[K [01;31m[Kerror: [m[Konly constructors take member initializers
[2.199s]    26 |     : [01;31m[KNode[m[K("sense"), count_(0)
[2.199s]       |       [01;31m[K^~~~[m[K
[2.227s] [01m[K/home/ngvedu/auto/src/auto/src/sense_node.cpp:31:5:[m[K [01;35m[Kwarning: [m[Kno return statement in function returning non-void [[01;35m[K-Wreturn-type[m[K]
[2.228s]    31 |     [01;35m[K}[m[K
[2.228s]       |     [01;35m[K^[m[K
[2.834s] In file included from [01m[K/usr/include/x86_64-linux-gnu/c++/9/bits/c++allocator.h:33[m[K,
[2.834s]                  from [01m[K/usr/include/c++/9/bits/allocator.h:46[m[K,
[2.835s]                  from [01m[K/usr/include/c++/9/string:41[m[K,
[2.835s]                  from [01m[K/usr/include/c++/9/bits/locale_classes.h:40[m[K,
[2.835s]                  from [01m[K/usr/include/c++/9/bits/ios_base.h:41[m[K,
[2.835s]                  from [01m[K/usr/include/c++/9/ios:42[m[K,
[2.835s]                  from [01m[K/usr/include/c++/9/ostream:38[m[K,
[2.835s]                  from [01m[K/usr/include/c++/9/iostream:39[m[K,
[2.835s]                  from [01m[K/home/ngvedu/auto/src/auto/src/sense_node.cpp:1[m[K:
[2.836s] /usr/include/c++/9/ext/new_allocator.h: In instantiation of ‘[01m[Kvoid __gnu_cxx::new_allocator<_Tp>::construct(_Up*, _Args&& ...) [with _Up = sense; _Args = {}; _Tp = sense][m[K’:
[2.836s] [01m[K/usr/include/c++/9/bits/alloc_traits.h:482:2:[m[K   required from ‘[01m[Kstatic void std::allocator_traits<std::allocator<_CharT> >::construct(std::allocator_traits<std::allocator<_CharT> >::allocator_type&, _Up*, _Args&& ...) [with _Up = sense; _Args = {}; _Tp = sense; std::allocator_traits<std::allocator<_CharT> >::allocator_type = std::allocator<sense>][m[K’
[2.836s] [01m[K/usr/include/c++/9/bits/shared_ptr_base.h:548:39:[m[K   required from ‘[01m[Kstd::_Sp_counted_ptr_inplace<_Tp, _Alloc, _Lp>::_Sp_counted_ptr_inplace(_Alloc, _Args&& ...) [with _Args = {}; _Tp = sense; _Alloc = std::allocator<sense>; __gnu_cxx::_Lock_policy _Lp = __gnu_cxx::_S_atomic][m[K’
[2.836s] [01m[K/usr/include/c++/9/bits/shared_ptr_base.h:679:16:[m[K   required from ‘[01m[Kstd::__shared_count<_Lp>::__shared_count(_Tp*&, std::_Sp_alloc_shared_tag<_Alloc>, _Args&& ...) [with _Tp = sense; _Alloc = std::allocator<sense>; _Args = {}; __gnu_cxx::_Lock_policy _Lp = __gnu_cxx::_S_atomic][m[K’
[2.836s] [01m[K/usr/include/c++/9/bits/shared_ptr_base.h:1344:71:[m[K   required from ‘[01m[Kstd::__shared_ptr<_Tp, _Lp>::__shared_ptr(std::_Sp_alloc_shared_tag<_Tp>, _Args&& ...) [with _Alloc = std::allocator<sense>; _Args = {}; _Tp = sense; __gnu_cxx::_Lock_policy _Lp = __gnu_cxx::_S_atomic][m[K’
[2.836s] [01m[K/usr/include/c++/9/bits/shared_ptr.h:359:59:[m[K   required from ‘[01m[Kstd::shared_ptr<_Tp>::shared_ptr(std::_Sp_alloc_shared_tag<_Tp>, _Args&& ...) [with _Alloc = std::allocator<sense>; _Args = {}; _Tp = sense][m[K’
[2.836s] [01m[K/usr/include/c++/9/bits/shared_ptr.h:701:14:[m[K   required from ‘[01m[Kstd::shared_ptr<_Tp> std::allocate_shared(const _Alloc&, _Args&& ...) [with _Tp = sense; _Alloc = std::allocator<sense>; _Args = {}][m[K’
[2.837s] [01m[K/usr/include/c++/9/bits/shared_ptr.h:717:39:[m[K   required from ‘[01m[Kstd::shared_ptr<_Tp> std::make_shared(_Args&& ...) [with _Tp = sense; _Args = {}][m[K’
[2.837s] [01m[K/home/ngvedu/auto/src/auto/src/sense_node.cpp:53:40:[m[K   required from here
[2.837s] [01m[K/usr/include/c++/9/ext/new_allocator.h:145:20:[m[K [01;31m[Kerror: [m[Kuse of deleted function ‘[01m[Ksense::sense()[m[K’
[2.837s]   145 |  noexcept(noexcept([01;31m[K::new((void *)__p)[m[K
[2.837s]       |                    [01;31m[K^~~~~~~~~~~~~~~~~~[m[K
[2.837s]   146 | [01;31m[K       _Up(std::forward<_Args>(__args)...)[m[K))
[2.838s]       |        [01;31m[K~~~~~~~~~~~~~~~~~~~~~~~~~~~~~~~~~~~[m[K
[2.838s] [01m[K/home/ngvedu/auto/src/auto/src/sense_node.cpp:22:7:[m[K [01;36m[Knote: [m[K‘[01m[Ksense::sense()[m[K’ is implicitly deleted because the default definition would be ill-formed:
[2.838s]    22 | class [01;36m[Ksense[m[K : public rclcpp::Node
[2.838s]       |       [01;36m[K^~~~~[m[K
[2.838s] [01m[K/home/ngvedu/auto/src/auto/src/sense_node.cpp:22:7:[m[K [01;31m[Kerror: [m[Kno matching function for call to ‘[01m[Krclcpp::Node::Node()[m[K’
[2.841s] In file included from [01m[K/opt/ros/foxy/include/rclcpp/executors/single_threaded_executor.hpp:28[m[K,
[2.841s]                  from [01m[K/opt/ros/foxy/include/rclcpp/executors.hpp:22[m[K,
[2.841s]                  from [01m[K/opt/ros/foxy/include/rclcpp/rclcpp.hpp:146[m[K,
[2.841s]                  from [01m[K/home/ngvedu/auto/src/auto/src/sense_node.cpp:11[m[K:
[2.842s] [01m[K/opt/ros/foxy/include/rclcpp/node.hpp:1193:3:[m[K [01;36m[Knote: [m[Kcandidate: ‘[01m[Krclcpp::Node::Node(const rclcpp::Node&, const string&)[m[K’
[2.842s]  1193 |   [01;36m[KNode[m[K(
[2.842s]       |   [01;36m[K^~~~[m[K
[2.842s] [01m[K/opt/ros/foxy/include/rclcpp/node.hpp:1193:3:[m[K [01;36m[Knote: [m[K  candidate expects 2 arguments, 0 provided
[2.842s] [01m[K/opt/ros/foxy/include/rclcpp/node.hpp:98:12:[m[K [01;36m[Knote: [m[Kcandidate: ‘[01m[Krclcpp::Node::Node(const string&, const string&, const rclcpp::NodeOptions&)[m[K’
[2.842s]    98 |   explicit [01;36m[KNode[m[K(
[2.842s]       |            [01;36m[K^~~~[m[K
[2.842s] [01m[K/opt/ros/foxy/include/rclcpp/node.hpp:98:12:[m[K [01;36m[Knote: [m[K  candidate expects 3 arguments, 0 provided
[2.842s] [01m[K/opt/ros/foxy/include/rclcpp/node.hpp:86:12:[m[K [01;36m[Knote: [m[Kcandidate: ‘[01m[Krclcpp::Node::Node(const string&, const rclcpp::NodeOptions&)[m[K’
[2.843s]    86 |   explicit [01;36m[KNode[m[K(
[2.843s]       |            [01;36m[K^~~~[m[K
[2.843s] [01m[K/opt/ros/foxy/include/rclcpp/node.hpp:86:12:[m[K [01;36m[Knote: [m[K  candidate expects 2 arguments, 0 provided
[3.210s] make[2]: *** [CMakeFiles/sense.dir/build.make:76: CMakeFiles/sense.dir/src/sense_node.cpp.o] Error 1
[3.213s] make[1]: *** [CMakeFiles/Makefile2:78: CMakeFiles/sense.dir/all] Error 2
[3.213s] make: *** [Makefile:141: all] Error 2
[3.218s] Invoked command in '/home/ngvedu/auto/build/auto' returned '2': CMAKE_PREFIX_PATH=${CMAKE_PREFIX_PATH}:/opt/ros/foxy /usr/bin/cmake --build /home/ngvedu/auto/build/auto -- -j2 -l2
