[0.026s] Invoking command in '/home/ngvedu/auto/build/auto': CMAKE_PREFIX_PATH=${CMAKE_PREFIX_PATH}:/opt/ros/foxy /usr/bin/cmake --build /home/ngvedu/auto/build/auto -- -j2 -l2
[0.121s] [35m[1mScanning dependencies of target sense[0m
[0.189s] [ 33%] [32mBuilding CXX object CMakeFiles/sense.dir/src/sense_node.cpp.o[0m
[4.689s] [ 66%] [32m[1mLinking CXX executable sense[0m
[5.025s] [100%] Built target sense
[5.049s] Invoked command in '/home/ngvedu/auto/build/auto' returned '0': CMAKE_PREFIX_PATH=${CMAKE_PREFIX_PATH}:/opt/ros/foxy /usr/bin/cmake --build /home/ngvedu/auto/build/auto -- -j2 -l2
[5.122s] Invoking command in '/home/ngvedu/auto/build/auto': CMAKE_PREFIX_PATH=${CMAKE_PREFIX_PATH}:/opt/ros/foxy /usr/bin/cmake --install /home/ngvedu/auto/build/auto
[5.134s] -- Install configuration: ""
[5.135s] -- Installing: /home/ngvedu/auto/install/auto/lib/auto/sense
[5.138s] -- Up-to-date: /home/ngvedu/auto/install/auto/share/ament_index/resource_index/package_run_dependencies/auto
[5.138s] -- Up-to-date: /home/ngvedu/auto/install/auto/share/ament_index/resource_index/parent_prefix_path/auto
[5.138s] -- Up-to-date: /home/ngvedu/auto/install/auto/share/auto/environment/ament_prefix_path.sh
[5.138s] -- Up-to-date: /home/ngvedu/auto/install/auto/share/auto/environment/ament_prefix_path.dsv
[5.139s] -- Up-to-date: /home/ngvedu/auto/install/auto/share/auto/environment/path.sh
[5.139s] -- Up-to-date: /home/ngvedu/auto/install/auto/share/auto/environment/path.dsv
[5.139s] -- Up-to-date: /home/ngvedu/auto/install/auto/share/auto/local_setup.bash
[5.139s] -- Up-to-date: /home/ngvedu/auto/install/auto/share/auto/local_setup.sh
[5.139s] -- Up-to-date: /home/ngvedu/auto/install/auto/share/auto/local_setup.zsh
[5.140s] -- Up-to-date: /home/ngvedu/auto/install/auto/share/auto/local_setup.dsv
[5.140s] -- Installing: /home/ngvedu/auto/install/auto/share/auto/package.dsv
[5.140s] -- Up-to-date: /home/ngvedu/auto/install/auto/share/ament_index/resource_index/packages/auto
[5.140s] -- Up-to-date: /home/ngvedu/auto/install/auto/share/auto/cmake/ament_cmake_export_include_directories-extras.cmake
[5.140s] -- Up-to-date: /home/ngvedu/auto/install/auto/share/auto/cmake/autoConfig.cmake
[5.140s] -- Up-to-date: /home/ngvedu/auto/install/auto/share/auto/cmake/autoConfig-version.cmake
[5.140s] -- Up-to-date: /home/ngvedu/auto/install/auto/share/auto/package.xml
[5.146s] Invoked command in '/home/ngvedu/auto/build/auto' returned '0': CMAKE_PREFIX_PATH=${CMAKE_PREFIX_PATH}:/opt/ros/foxy /usr/bin/cmake --install /home/ngvedu/auto/build/auto
