[0.592s] DEBUG:colcon:Command line arguments: ['/usr/bin/colcon', 'build']
[0.593s] DEBUG:colcon:Parsed command line arguments: Namespace(ament_cmake_args=None, base_paths=['.'], build_base='build', catkin_cmake_args=None, catkin_skip_building_tests=False, cmake_args=None, cmake_clean_cache=False, cmake_clean_first=False, cmake_force_configure=False, cmake_target=None, cmake_target_skip_unavailable=False, continue_on_error=False, event_handlers=None, executor='parallel', ignore_user_meta=False, install_base='install', log_base=None, log_level=None, main=<bound method BuildVerb.main of <colcon_core.verb.build.BuildVerb object at 0x7f23df535d30>>, merge_install=False, metas=['./colcon.meta'], packages_above=None, packages_above_and_dependencies=None, packages_above_depth=None, packages_end=None, packages_ignore=None, packages_ignore_regex=None, packages_select=None, packages_select_build_failed=False, packages_select_by_dep=None, packages_select_regex=None, packages_select_test_failures=False, packages_skip=None, packages_skip_build_finished=False, packages_skip_by_dep=None, packages_skip_regex=None, packages_skip_test_passed=False, packages_skip_up_to=None, packages_start=None, packages_up_to=None, packages_up_to_regex=None, parallel_workers=2, paths=None, symlink_install=False, test_result_base=None, verb_extension=<colcon_core.verb.build.BuildVerb object at 0x7f23df535d30>, verb_name='build', verb_parser=<colcon_defaults.argument_parser.defaults.DefaultArgumentsDecorator object at 0x7f23df542250>)
[0.611s] Level 1:colcon.colcon_core.package_discovery:discover_packages(colcon_meta) check parameters
[0.611s] Level 1:colcon.colcon_core.package_discovery:discover_packages(recursive) check parameters
[0.611s] Level 1:colcon.colcon_core.package_discovery:discover_packages(ignore) check parameters
[0.611s] Level 1:colcon.colcon_core.package_discovery:discover_packages(path) check parameters
[0.611s] Level 1:colcon.colcon_core.package_discovery:discover_packages(colcon_meta) discover
[0.611s] Level 1:colcon.colcon_core.package_discovery:discover_packages(recursive) discover
[0.612s] INFO:colcon.colcon_core.package_discovery:Crawling recursively for packages in '/home/ngvedu/auto'
[0.612s] Level 1:colcon.colcon_core.package_identification:_identify(.) by extensions ['ignore', 'ignore_ament_install']
[0.612s] Level 1:colcon.colcon_core.package_identification:_identify(.) by extension 'ignore'
[0.612s] Level 1:colcon.colcon_core.package_identification:_identify(.) by extension 'ignore_ament_install'
[0.612s] Level 1:colcon.colcon_core.package_identification:_identify(.) by extensions ['colcon_pkg']
[0.612s] Level 1:colcon.colcon_core.package_identification:_identify(.) by extension 'colcon_pkg'
[0.612s] Level 1:colcon.colcon_core.package_identification:_identify(.) by extensions ['colcon_meta']
[0.612s] Level 1:colcon.colcon_core.package_identification:_identify(.) by extension 'colcon_meta'
[0.613s] Level 1:colcon.colcon_core.package_identification:_identify(.) by extensions ['ros']
[0.613s] Level 1:colcon.colcon_core.package_identification:_identify(.) by extension 'ros'
[0.630s] Level 1:colcon.colcon_core.package_identification:_identify(.) by extensions ['cmake', 'python']
[0.631s] Level 1:colcon.colcon_core.package_identification:_identify(.) by extension 'cmake'
[0.631s] Level 1:colcon.colcon_core.package_identification:_identify(.) by extension 'python'
[0.631s] Level 1:colcon.colcon_core.package_identification:_identify(.) by extensions ['python_setup_py']
[0.631s] Level 1:colcon.colcon_core.package_identification:_identify(.) by extension 'python_setup_py'
[0.631s] Level 1:colcon.colcon_core.package_identification:_identify(build) by extensions ['ignore', 'ignore_ament_install']
[0.631s] Level 1:colcon.colcon_core.package_identification:_identify(build) by extension 'ignore'
[0.631s] Level 1:colcon.colcon_core.package_identification:_identify(build) ignored
[0.632s] Level 1:colcon.colcon_core.package_identification:_identify(install) by extensions ['ignore', 'ignore_ament_install']
[0.632s] Level 1:colcon.colcon_core.package_identification:_identify(install) by extension 'ignore'
[0.632s] Level 1:colcon.colcon_core.package_identification:_identify(install) ignored
[0.632s] Level 1:colcon.colcon_core.package_identification:_identify(log) by extensions ['ignore', 'ignore_ament_install']
[0.632s] Level 1:colcon.colcon_core.package_identification:_identify(log) by extension 'ignore'
[0.632s] Level 1:colcon.colcon_core.package_identification:_identify(log) ignored
[0.632s] Level 1:colcon.colcon_core.package_identification:_identify(src) by extensions ['ignore', 'ignore_ament_install']
[0.633s] Level 1:colcon.colcon_core.package_identification:_identify(src) by extension 'ignore'
[0.633s] Level 1:colcon.colcon_core.package_identification:_identify(src) by extension 'ignore_ament_install'
[0.633s] Level 1:colcon.colcon_core.package_identification:_identify(src) by extensions ['colcon_pkg']
[0.633s] Level 1:colcon.colcon_core.package_identification:_identify(src) by extension 'colcon_pkg'
[0.633s] Level 1:colcon.colcon_core.package_identification:_identify(src) by extensions ['colcon_meta']
[0.633s] Level 1:colcon.colcon_core.package_identification:_identify(src) by extension 'colcon_meta'
[0.633s] Level 1:colcon.colcon_core.package_identification:_identify(src) by extensions ['ros']
[0.633s] Level 1:colcon.colcon_core.package_identification:_identify(src) by extension 'ros'
[0.633s] Level 1:colcon.colcon_core.package_identification:_identify(src) by extensions ['cmake', 'python']
[0.633s] Level 1:colcon.colcon_core.package_identification:_identify(src) by extension 'cmake'
[0.633s] Level 1:colcon.colcon_core.package_identification:_identify(src) by extension 'python'
[0.633s] Level 1:colcon.colcon_core.package_identification:_identify(src) by extensions ['python_setup_py']
[0.634s] Level 1:colcon.colcon_core.package_identification:_identify(src) by extension 'python_setup_py'
[0.634s] Level 1:colcon.colcon_core.package_identification:_identify(src/auto) by extensions ['ignore', 'ignore_ament_install']
[0.634s] Level 1:colcon.colcon_core.package_identification:_identify(src/auto) by extension 'ignore'
[0.634s] Level 1:colcon.colcon_core.package_identification:_identify(src/auto) by extension 'ignore_ament_install'
[0.634s] Level 1:colcon.colcon_core.package_identification:_identify(src/auto) by extensions ['colcon_pkg']
[0.634s] Level 1:colcon.colcon_core.package_identification:_identify(src/auto) by extension 'colcon_pkg'
[0.634s] Level 1:colcon.colcon_core.package_identification:_identify(src/auto) by extensions ['colcon_meta']
[0.635s] Level 1:colcon.colcon_core.package_identification:_identify(src/auto) by extension 'colcon_meta'
[0.635s] Level 1:colcon.colcon_core.package_identification:_identify(src/auto) by extensions ['ros']
[0.635s] Level 1:colcon.colcon_core.package_identification:_identify(src/auto) by extension 'ros'
[0.641s] DEBUG:colcon.colcon_core.package_identification:Package 'src/auto' with type 'ros.ament_cmake' and name 'auto'
[0.642s] Level 1:colcon.colcon_core.package_discovery:discover_packages(recursive) using defaults
[0.642s] Level 1:colcon.colcon_core.package_discovery:discover_packages(ignore) discover
[0.642s] Level 1:colcon.colcon_core.package_discovery:discover_packages(ignore) using defaults
[0.642s] Level 1:colcon.colcon_core.package_discovery:discover_packages(path) discover
[0.642s] Level 1:colcon.colcon_core.package_discovery:discover_packages(path) using defaults
[0.678s] Level 5:colcon.colcon_core.verb:set package 'auto' build argument 'cmake_args' from command line to 'None'
[0.678s] Level 5:colcon.colcon_core.verb:set package 'auto' build argument 'cmake_target' from command line to 'None'
[0.679s] Level 5:colcon.colcon_core.verb:set package 'auto' build argument 'cmake_target_skip_unavailable' from command line to 'False'
[0.679s] Level 5:colcon.colcon_core.verb:set package 'auto' build argument 'cmake_clean_cache' from command line to 'False'
[0.679s] Level 5:colcon.colcon_core.verb:set package 'auto' build argument 'cmake_clean_first' from command line to 'False'
[0.679s] Level 5:colcon.colcon_core.verb:set package 'auto' build argument 'cmake_force_configure' from command line to 'False'
[0.679s] Level 5:colcon.colcon_core.verb:set package 'auto' build argument 'ament_cmake_args' from command line to 'None'
[0.679s] Level 5:colcon.colcon_core.verb:set package 'auto' build argument 'catkin_cmake_args' from command line to 'None'
[0.679s] Level 5:colcon.colcon_core.verb:set package 'auto' build argument 'catkin_skip_building_tests' from command line to 'False'
[0.679s] DEBUG:colcon.colcon_core.verb:Building package 'auto' with the following arguments: {'ament_cmake_args': None, 'build_base': '/home/ngvedu/auto/build/auto', 'catkin_cmake_args': None, 'catkin_skip_building_tests': False, 'cmake_args': None, 'cmake_clean_cache': False, 'cmake_clean_first': False, 'cmake_force_configure': False, 'cmake_target': None, 'cmake_target_skip_unavailable': False, 'install_base': '/home/ngvedu/auto/install/auto', 'merge_install': False, 'path': '/home/ngvedu/auto/src/auto', 'symlink_install': False, 'test_result_base': None}
[0.680s] INFO:colcon.colcon_core.executor:Executing jobs using 'parallel' executor
[0.684s] DEBUG:colcon.colcon_parallel_executor.executor.parallel:run_until_complete
[0.684s] INFO:colcon.colcon_ros.task.ament_cmake.build:Building ROS package in '/home/ngvedu/auto/src/auto' with build type 'ament_cmake'
[0.685s] INFO:colcon.colcon_cmake.task.cmake.build:Building CMake package in '/home/ngvedu/auto/src/auto'
[0.698s] INFO:colcon.colcon_core.plugin_system:Skipping extension 'colcon_core.shell.bat': Not used on non-Windows systems
[0.698s] INFO:colcon.colcon_core.shell:Skip shell extension 'powershell' for command environment: Not usable outside of PowerShell
[0.698s] DEBUG:colcon.colcon_core.shell:Skip shell extension 'dsv' for command environment
[0.705s] DEBUG:colcon.colcon_core.shell:Ignoring prefix path '/opt/ros/foxy'
[0.737s] DEBUG:colcon.colcon_core.event_handler.log_command:Invoking command in '/home/ngvedu/auto/build/auto': CMAKE_PREFIX_PATH=/opt/ros/foxy /usr/bin/cmake /home/ngvedu/auto/src/auto -DCMAKE_INSTALL_PREFIX=/home/ngvedu/auto/install/auto
[9.663s] DEBUG:colcon.colcon_core.event_handler.log_command:Invoked command in '/home/ngvedu/auto/build/auto' returned '0': CMAKE_PREFIX_PATH=/opt/ros/foxy /usr/bin/cmake /home/ngvedu/auto/src/auto -DCMAKE_INSTALL_PREFIX=/home/ngvedu/auto/install/auto
[9.665s] DEBUG:colcon.colcon_core.event_handler.log_command:Invoking command in '/home/ngvedu/auto/build/auto': CMAKE_PREFIX_PATH=/opt/ros/foxy /usr/bin/cmake --build /home/ngvedu/auto/build/auto -- -j2 -l2
[19.815s] DEBUG:colcon.colcon_core.event_handler.log_command:Invoked command in '/home/ngvedu/auto/build/auto' returned '0': CMAKE_PREFIX_PATH=/opt/ros/foxy /usr/bin/cmake --build /home/ngvedu/auto/build/auto -- -j2 -l2
[19.889s] DEBUG:colcon.colcon_core.event_handler.log_command:Invoking command in '/home/ngvedu/auto/build/auto': CMAKE_PREFIX_PATH=/opt/ros/foxy /usr/bin/cmake --install /home/ngvedu/auto/build/auto
[19.938s] Level 1:colcon.colcon_core.environment:create_environment_scripts_only(auto)
[19.939s] DEBUG:colcon.colcon_core.event_handler.log_command:Invoked command in '/home/ngvedu/auto/build/auto' returned '0': CMAKE_PREFIX_PATH=/opt/ros/foxy /usr/bin/cmake --install /home/ngvedu/auto/build/auto
[19.952s] Level 1:colcon.colcon_core.environment:checking '/home/ngvedu/auto/install/auto' for CMake module files
[19.953s] Level 1:colcon.colcon_core.environment:checking '/home/ngvedu/auto/install/auto' for CMake config files
[19.954s] Level 1:colcon.colcon_core.shell:create_environment_hook('auto', 'cmake_prefix_path')
[19.955s] INFO:colcon.colcon_core.shell:Creating environment hook '/home/ngvedu/auto/install/auto/share/auto/hook/cmake_prefix_path.ps1'
[19.957s] INFO:colcon.colcon_core.shell:Creating environment descriptor '/home/ngvedu/auto/install/auto/share/auto/hook/cmake_prefix_path.dsv'
[20.035s] INFO:colcon.colcon_core.shell:Creating environment hook '/home/ngvedu/auto/install/auto/share/auto/hook/cmake_prefix_path.sh'
[20.090s] Level 1:colcon.colcon_core.environment:checking '/home/ngvedu/auto/install/auto/lib'
[20.091s] Level 1:colcon.colcon_core.environment:checking '/home/ngvedu/auto/install/auto/bin'
[20.091s] Level 1:colcon.colcon_core.environment:checking '/home/ngvedu/auto/install/auto/lib/pkgconfig/auto.pc'
[20.091s] Level 1:colcon.colcon_core.environment:checking '/home/ngvedu/auto/install/auto/lib/python3.8/site-packages'
[20.092s] INFO:colcon.colcon_core.shell:Creating package script '/home/ngvedu/auto/install/auto/share/auto/package.ps1'
[20.106s] INFO:colcon.colcon_core.shell:Creating package descriptor '/home/ngvedu/auto/install/auto/share/auto/package.dsv'
[20.108s] INFO:colcon.colcon_core.shell:Creating package script '/home/ngvedu/auto/install/auto/share/auto/package.sh'
[20.112s] INFO:colcon.colcon_core.shell:Creating package script '/home/ngvedu/auto/install/auto/share/auto/package.bash'
[20.127s] INFO:colcon.colcon_core.shell:Creating package script '/home/ngvedu/auto/install/auto/share/auto/package.zsh'
[20.130s] Level 1:colcon.colcon_core.environment:create_file_with_runtime_dependencies(/home/ngvedu/auto/install/auto/share/colcon-core/packages/auto)
[20.243s] Level 1:colcon.colcon_core.environment:create_environment_scripts_only(auto)
[20.261s] Level 1:colcon.colcon_core.environment:checking '/home/ngvedu/auto/install/auto' for CMake module files
[20.262s] Level 1:colcon.colcon_core.environment:checking '/home/ngvedu/auto/install/auto' for CMake config files
[20.262s] Level 1:colcon.colcon_core.shell:create_environment_hook('auto', 'cmake_prefix_path')
[20.263s] INFO:colcon.colcon_core.shell:Creating environment hook '/home/ngvedu/auto/install/auto/share/auto/hook/cmake_prefix_path.ps1'
[20.264s] INFO:colcon.colcon_core.shell:Creating environment descriptor '/home/ngvedu/auto/install/auto/share/auto/hook/cmake_prefix_path.dsv'
[20.265s] INFO:colcon.colcon_core.shell:Creating environment hook '/home/ngvedu/auto/install/auto/share/auto/hook/cmake_prefix_path.sh'
[20.278s] Level 1:colcon.colcon_core.environment:checking '/home/ngvedu/auto/install/auto/lib'
[20.278s] Level 1:colcon.colcon_core.environment:checking '/home/ngvedu/auto/install/auto/bin'
[20.278s] Level 1:colcon.colcon_core.environment:checking '/home/ngvedu/auto/install/auto/lib/pkgconfig/auto.pc'
[20.279s] Level 1:colcon.colcon_core.environment:checking '/home/ngvedu/auto/install/auto/lib/python3.8/site-packages'
[20.280s] INFO:colcon.colcon_core.shell:Creating package script '/home/ngvedu/auto/install/auto/share/auto/package.ps1'
[20.281s] INFO:colcon.colcon_core.shell:Creating package descriptor '/home/ngvedu/auto/install/auto/share/auto/package.dsv'
[20.282s] INFO:colcon.colcon_core.shell:Creating package script '/home/ngvedu/auto/install/auto/share/auto/package.sh'
[20.283s] INFO:colcon.colcon_core.shell:Creating package script '/home/ngvedu/auto/install/auto/share/auto/package.bash'
[20.283s] INFO:colcon.colcon_core.shell:Creating package script '/home/ngvedu/auto/install/auto/share/auto/package.zsh'
[20.284s] Level 1:colcon.colcon_core.environment:create_file_with_runtime_dependencies(/home/ngvedu/auto/install/auto/share/colcon-core/packages/auto)
[20.298s] DEBUG:colcon.colcon_parallel_executor.executor.parallel:closing loop
[20.300s] DEBUG:colcon.colcon_parallel_executor.executor.parallel:loop closed
[20.300s] DEBUG:colcon.colcon_parallel_executor.executor.parallel:run_until_complete finished with '0'
[20.300s] DEBUG:colcon.colcon_core.event_reactor:joining thread
[20.402s] INFO:colcon.colcon_core.plugin_system:Skipping extension 'colcon_notification.desktop_notification.notify_send': Could not find 'notify-send'
[20.402s] INFO:colcon.colcon_core.plugin_system:Skipping extension 'colcon_notification.desktop_notification.terminal_notifier': Not used on non-Darwin systems
[20.402s] INFO:colcon.colcon_core.plugin_system:Skipping extension 'colcon_notification.desktop_notification.win32': Not used on non-Windows systems
[20.402s] INFO:colcon.colcon_notification.desktop_notification:Sending desktop notification using 'notify2'
[20.457s] DEBUG:colcon.colcon_notification.desktop_notification.notify2:Failed to initialize notify2: org.freedesktop.DBus.Error.ServiceUnknown: The name org.freedesktop.Notifications was not provided by any .service files
[20.458s] DEBUG:colcon.colcon_core.event_reactor:joined thread
[20.460s] INFO:colcon.colcon_core.shell:Creating prefix script '/home/ngvedu/auto/install/local_setup.ps1'
[20.464s] INFO:colcon.colcon_core.shell:Creating prefix util module '/home/ngvedu/auto/install/_local_setup_util_ps1.py'
[20.476s] INFO:colcon.colcon_core.shell:Creating prefix chain script '/home/ngvedu/auto/install/setup.ps1'
[20.482s] INFO:colcon.colcon_core.shell:Creating prefix script '/home/ngvedu/auto/install/local_setup.sh'
[20.483s] INFO:colcon.colcon_core.shell:Creating prefix util module '/home/ngvedu/auto/install/_local_setup_util_sh.py'
[20.485s] INFO:colcon.colcon_core.shell:Creating prefix chain script '/home/ngvedu/auto/install/setup.sh'
[20.490s] INFO:colcon.colcon_core.shell:Creating prefix script '/home/ngvedu/auto/install/local_setup.bash'
[20.494s] INFO:colcon.colcon_core.shell:Creating prefix chain script '/home/ngvedu/auto/install/setup.bash'
[20.498s] INFO:colcon.colcon_core.shell:Creating prefix script '/home/ngvedu/auto/install/local_setup.zsh'
[20.499s] INFO:colcon.colcon_core.shell:Creating prefix chain script '/home/ngvedu/auto/install/setup.zsh'
