-- Found ament_cmake: 0.9.9 (/opt/ros/foxy/share/ament_cmake/cmake)
-- Using PYTHON_EXECUTABLE: /usr/bin/python3
-- Found ament_cmake_ros: 0.9.2 (/opt/ros/foxy/share/ament_cmake_ros/cmake)
-- Found rclcpp: 2.4.0 (/opt/ros/foxy/share/rclcpp/cmake)
-- Using all available rosidl_typesupport_c: rosidl_typesupport_fastrtps_c;rosidl_typesupport_introspection_c
-- Found rosidl_adapter: 1.2.1 (/opt/ros/foxy/share/rosidl_adapter/cmake)
-- Using all available rosidl_typesupport_cpp: rosidl_typesupport_fastrtps_cpp;rosidl_typesupport_introspection_cpp
-- Found rmw_implementation_cmake: 1.0.3 (/opt/ros/foxy/share/rmw_implementation_cmake/cmake)
-- Using RMW implementation 'rmw_fastrtps_cpp' as default
-- Found rclpy: 1.0.7 (/opt/ros/foxy/share/rclpy/cmake)
-- Configuring done
-- Generating done
-- Build files have been written to: /home/ngvedu/auto/build/auto
[35m[1mScanning dependencies of target compute[0m
[ 11%] [32mBuilding C object CMakeFiles/actuate.dir/src/Actuate.c.o[0m
[ 22%] [32mBuilding C object CMakeFiles/compute.dir/src/Compute.c.o[0m
[ 33%] [32mBuilding CXX object CMakeFiles/compute.dir/src/compute_node.cpp.o[0m
[ 44%] [32mBuilding CXX object CMakeFiles/actuate.dir/src/actuate_node.cpp.o[0m
[ 55%] [32m[1mLinking CXX executable compute[0m
[ 66%] [32m[1mLinking CXX executable actuate[0m
[ 66%] Built target actuate
