[0.035s] Invoking command in '/home/ngvedu/auto/build/auto': CMAKE_PREFIX_PATH=/opt/ros/foxy /usr/bin/cmake --build /home/ngvedu/auto/build/auto -- -j2 -l2
[0.143s] [35m[1mScanning dependencies of target actuate[0m
[0.153s] [35m[1mScanning dependencies of target compute[0m
[0.222s] [ 11%] [32mBuilding CXX object CMakeFiles/actuate.dir/src/actuate_node.cpp.o[0m
[0.296s] [ 22%] [32mBuilding CXX object CMakeFiles/compute.dir/src/compute_node.cpp.o[0m
[13.279s] [ 33%] [32m[1mLinking CXX executable actuate[0m
[13.499s] [ 44%] [32m[1mLinking CXX executable compute[0m
[14.109s] [ 55%] Built target actuate
[14.172s] [ 88%] Built target sense
[14.288s] [100%] Built target compute
[14.312s] Invoked command in '/home/ngvedu/auto/build/auto' returned '0': CMAKE_PREFIX_PATH=/opt/ros/foxy /usr/bin/cmake --build /home/ngvedu/auto/build/auto -- -j2 -l2
[14.405s] Invoking command in '/home/ngvedu/auto/build/auto': CMAKE_PREFIX_PATH=/opt/ros/foxy /usr/bin/cmake --install /home/ngvedu/auto/build/auto
[14.429s] -- Install configuration: ""
[14.430s] -- Up-to-date: /home/ngvedu/auto/install/auto/share/auto//launch
[14.430s] -- Up-to-date: /home/ngvedu/auto/install/auto/share/auto//launch/auto.launch.py
[14.430s] -- Installing: /home/ngvedu/auto/install/auto/lib/auto/sense
[14.454s] -- Installing: /home/ngvedu/auto/install/auto/lib/auto/compute
[14.510s] -- Installing: /home/ngvedu/auto/install/auto/lib/auto/actuate
[14.661s] -- Up-to-date: /home/ngvedu/auto/install/auto/share/ament_index/resource_index/package_run_dependencies/auto
[14.662s] -- Installing: /home/ngvedu/auto/install/auto/share/ament_index/resource_index/parent_prefix_path/auto
[14.662s] -- Up-to-date: /home/ngvedu/auto/install/auto/share/auto/environment/ament_prefix_path.sh
[14.662s] -- Installing: /home/ngvedu/auto/install/auto/share/auto/environment/ament_prefix_path.dsv
[14.662s] -- Up-to-date: /home/ngvedu/auto/install/auto/share/auto/environment/path.sh
[14.662s] -- Installing: /home/ngvedu/auto/install/auto/share/auto/environment/path.dsv
[14.662s] -- Up-to-date: /home/ngvedu/auto/install/auto/share/auto/local_setup.bash
[14.662s] -- Up-to-date: /home/ngvedu/auto/install/auto/share/auto/local_setup.sh
[14.662s] -- Up-to-date: /home/ngvedu/auto/install/auto/share/auto/local_setup.zsh
[14.663s] -- Installing: /home/ngvedu/auto/install/auto/share/auto/local_setup.dsv
[14.663s] -- Installing: /home/ngvedu/auto/install/auto/share/auto/package.dsv
[14.663s] -- Up-to-date: /home/ngvedu/auto/install/auto/share/ament_index/resource_index/packages/auto
[14.663s] -- Up-to-date: /home/ngvedu/auto/install/auto/share/auto/cmake/ament_cmake_export_include_directories-extras.cmake
[14.663s] -- Up-to-date: /home/ngvedu/auto/install/auto/share/auto/cmake/autoConfig.cmake
[14.664s] -- Up-to-date: /home/ngvedu/auto/install/auto/share/auto/cmake/autoConfig-version.cmake
[14.664s] -- Up-to-date: /home/ngvedu/auto/install/auto/share/auto/package.xml
[14.679s] Invoked command in '/home/ngvedu/auto/build/auto' returned '0': CMAKE_PREFIX_PATH=/opt/ros/foxy /usr/bin/cmake --install /home/ngvedu/auto/build/auto
