[0.085s] Invoking command in '/home/ngvedu/auto/build/auto': CMAKE_PREFIX_PATH=${CMAKE_PREFIX_PATH}:/opt/ros/foxy /usr/bin/cmake --build /home/ngvedu/auto/build/auto -- -j2 -l2
[0.219s] [35m[1mScanning dependencies of target actuate[0m
[0.309s] [ 11%] [32mBuilding CXX object CMakeFiles/actuate.dir/src/actuate_node.cpp.o[0m
[0.326s] [ 44%] Built target compute
[0.504s] [ 77%] Built target sense
[8.854s] [ 88%] [32m[1mLinking CXX executable actuate[0m
[9.367s] [100%] Built target actuate
[9.399s] Invoked command in '/home/ngvedu/auto/build/auto' returned '0': CMAKE_PREFIX_PATH=${CMAKE_PREFIX_PATH}:/opt/ros/foxy /usr/bin/cmake --build /home/ngvedu/auto/build/auto -- -j2 -l2
[9.475s] Invoking command in '/home/ngvedu/auto/build/auto': CMAKE_PREFIX_PATH=${CMAKE_PREFIX_PATH}:/opt/ros/foxy /usr/bin/cmake --install /home/ngvedu/auto/build/auto
[9.489s] -- Install configuration: ""
[9.490s] -- Up-to-date: /home/ngvedu/auto/install/auto/share/auto//launch
[9.493s] -- Up-to-date: /home/ngvedu/auto/install/auto/share/auto//launch/auto.launch.py
[9.493s] -- Up-to-date: /home/ngvedu/auto/install/auto/lib/auto/sense
[9.493s] -- Up-to-date: /home/ngvedu/auto/install/auto/lib/auto/compute
[9.494s] -- Installing: /home/ngvedu/auto/install/auto/lib/auto/actuate
[9.500s] -- Up-to-date: /home/ngvedu/auto/install/auto/share/ament_index/resource_index/package_run_dependencies/auto
[9.501s] -- Up-to-date: /home/ngvedu/auto/install/auto/share/ament_index/resource_index/parent_prefix_path/auto
[9.501s] -- Up-to-date: /home/ngvedu/auto/install/auto/share/auto/environment/ament_prefix_path.sh
[9.501s] -- Up-to-date: /home/ngvedu/auto/install/auto/share/auto/environment/ament_prefix_path.dsv
[9.501s] -- Up-to-date: /home/ngvedu/auto/install/auto/share/auto/environment/path.sh
[9.502s] -- Up-to-date: /home/ngvedu/auto/install/auto/share/auto/environment/path.dsv
[9.502s] -- Up-to-date: /home/ngvedu/auto/install/auto/share/auto/local_setup.bash
[9.502s] -- Up-to-date: /home/ngvedu/auto/install/auto/share/auto/local_setup.sh
[9.502s] -- Up-to-date: /home/ngvedu/auto/install/auto/share/auto/local_setup.zsh
[9.502s] -- Up-to-date: /home/ngvedu/auto/install/auto/share/auto/local_setup.dsv
[9.502s] -- Up-to-date: /home/ngvedu/auto/install/auto/share/auto/package.dsv
[9.503s] -- Up-to-date: /home/ngvedu/auto/install/auto/share/ament_index/resource_index/packages/auto
[9.503s] -- Up-to-date: /home/ngvedu/auto/install/auto/share/auto/cmake/ament_cmake_export_include_directories-extras.cmake
[9.503s] -- Up-to-date: /home/ngvedu/auto/install/auto/share/auto/cmake/autoConfig.cmake
[9.503s] -- Up-to-date: /home/ngvedu/auto/install/auto/share/auto/cmake/autoConfig-version.cmake
[9.503s] -- Up-to-date: /home/ngvedu/auto/install/auto/share/auto/package.xml
[9.506s] Invoked command in '/home/ngvedu/auto/build/auto' returned '0': CMAKE_PREFIX_PATH=${CMAKE_PREFIX_PATH}:/opt/ros/foxy /usr/bin/cmake --install /home/ngvedu/auto/build/auto
