[35m[1mScanning dependencies of target sense[0m
[ 33%] [32mBuilding CXX object CMakeFiles/sense.dir/src/sense_node.cpp.o[0m
[ 66%] [32m[1mLinking CXX executable sense[0m
[100%] Built target sense
-- Install configuration: ""
-- Installing: /home/ngvedu/auto/install/auto/lib/auto/sense
-- Up-to-date: /home/ngvedu/auto/install/auto/share/ament_index/resource_index/package_run_dependencies/auto
-- Installing: /home/ngvedu/auto/install/auto/share/ament_index/resource_index/parent_prefix_path/auto
-- Up-to-date: /home/ngvedu/auto/install/auto/share/auto/environment/ament_prefix_path.sh
-- Installing: /home/ngvedu/auto/install/auto/share/auto/environment/ament_prefix_path.dsv
-- Up-to-date: /home/ngvedu/auto/install/auto/share/auto/environment/path.sh
-- Installing: /home/ngvedu/auto/install/auto/share/auto/environment/path.dsv
-- Up-to-date: /home/ngvedu/auto/install/auto/share/auto/local_setup.bash
-- Up-to-date: /home/ngvedu/auto/install/auto/share/auto/local_setup.sh
-- Up-to-date: /home/ngvedu/auto/install/auto/share/auto/local_setup.zsh
-- Installing: /home/ngvedu/auto/install/auto/share/auto/local_setup.dsv
-- Installing: /home/ngvedu/auto/install/auto/share/auto/package.dsv
-- Up-to-date: /home/ngvedu/auto/install/auto/share/ament_index/resource_index/packages/auto
-- Up-to-date: /home/ngvedu/auto/install/auto/share/auto/cmake/ament_cmake_export_include_directories-extras.cmake
-- Up-to-date: /home/ngvedu/auto/install/auto/share/auto/cmake/autoConfig.cmake
-- Up-to-date: /home/ngvedu/auto/install/auto/share/auto/cmake/autoConfig-version.cmake
-- Up-to-date: /home/ngvedu/auto/install/auto/share/auto/package.xml
